C51 COMPILER V9.59.0.0   1602                                                              07/06/2022 01:32:11 PAGE 1   


C51 COMPILER V9.59.0.0, COMPILATION OF MODULE 1602
OBJECT MODULE PLACED IN .\Objects\1602.obj
COMPILER INVOKED BY: D:\Keil_MDk\C51\BIN\C51.EXE 1602.c OPTIMIZE(8,SPEED) BROWSE DEBUG OBJECTEXTEND PRINT(.\Listings\160
                    -2.lst) TABS(2) OBJECT(.\Objects\1602.obj)

line level    source

   1          #include "reg51.h"
   2          #include"1602.h"
   3          
   4          #define uchar unsigned char
   5          #define uint  unsigned int
   6          
   7          
   8          void delay(uchar x)
   9          {
  10   1        uchar i;
  11   1        while(x--)
  12   1        for(i=0;i<110;i++);
  13   1      }
  14          
  15          /********************************************************************
  16          * 名称 : L1602_Write_Com(uchar del)
  17          * 功能 : 1602命令函数
  18          * 输入 : 输入的命令值
  19          * 输出 : 无
  20          ***********************************************************************/
  21          
  22          void L1602_Write_Com(uchar del)
  23          {
  24   1        RS = 0;
  25   1        RW = 0;
  26   1        P0 = del;
  27   1        E = 1;
  28   1        delay(3);
  29   1        E=0;
  30   1      }
  31          
  32          /********************************************************************
  33          * 名称 : L1602_Write_Data(uchar del)
  34          * 功能 : 1602写数据函数
  35          * 输入 : 需要写入1602的数据
  36          * 输出 : 无
  37          ***********************************************************************/
  38          
  39          void L1602_Write_Data(uchar del)
  40          {
  41   1        RS = 1;
  42   1        RW = 0;
  43   1        P0 = del;
  44   1        E = 1;
  45   1        delay(3);
  46   1        E=0;
  47   1      }
  48          
  49          /********************************************************************
  50          * 名称 : L1602_init()
  51          * 功能 : 1602初始化，请参考1602的资料
  52          * 输入 : 无
  53          * 输出 : 无
  54          ***********************************************************************/
C51 COMPILER V9.59.0.0   1602                                                              07/06/2022 01:32:11 PAGE 2   

  55          void L1602_init(void)
  56          {
  57   1        L1602_Write_Com(0x01);
  58   1        L1602_Write_Com(0x38);
  59   1        L1602_Write_Com(0x06);
  60   1        L1602_Write_Com(0x0c);
  61   1        E=0;
  62   1      }
  63          
  64          /*//装入自定义字符（汉字）
  65          void writch()
  66          {
  67            uchar i,j;
  68            L1602_Write_Com(0x40);
  69            for(i=0;i<8;i++)
  70              for(j=0;j<8;j++)
  71              L1602_Write_Data(hanzi[i][j]);
  72          } */
  73          /********************************************************************
  74          * 名称 : L1602_Write_char(uchar hang,uchar lie,char sign)
  75          * 功能 : 改变液晶中某位的值，如果要让第一行，第五个字符显示"b" ，调用该函数如下
  76               L1602_Write_char(1,5,'b')
  77          * 输入 : 行，列，需要输入1602的数据
  78          * 输出 : 无
  79          ***********************************************************************/
  80          void L1602_Write_char(uchar hang,uchar lie,char sign)
  81          {
  82   1        uchar a;
  83   1        if(hang == 1) a = 0x80;
  84   1        if(hang == 2) a = 0xc0;
  85   1        a = a + lie - 1;
  86   1        L1602_Write_Com(a);
  87   1        L1602_Write_Data(sign);
  88   1      }
  89          
  90          /********************************************************************
  91          * 名称 : L1602_Write_string(uchar hang,uchar lie,uchar *p)
  92          * 功能 : 改变液晶中某位的值，如果要让第一行，第五个字符开始显示"ab cd ef" ，调用该函数如下
  93               L1602_Write_string(1,5,"ab cd ef;")
  94          * 输入 : 行，列，需要输入1602的数据
  95          * 输出 : 无
  96          ***********************************************************************/
  97          void L1602_Write_string(uchar hang,uchar lie,uchar *p)
  98          {
  99   1        uchar a;
 100   1        if(hang == 1) a = 0x80;
 101   1        if(hang == 2) a = 0xc0;
 102   1        a = a + lie - 1;
 103   1        L1602_Write_Com(a);
 104   1        while(1)
 105   1        {
 106   2          if(*p == '\0') break;
 107   2          L1602_Write_Data(*p);
 108   2          p++;
 109   2        }
 110   1      }


MODULE INFORMATION:   STATIC OVERLAYABLE
   CODE SIZE        =    152    ----
   CONSTANT SIZE    =   ----    ----
   XDATA SIZE       =   ----    ----
C51 COMPILER V9.59.0.0   1602                                                              07/06/2022 01:32:11 PAGE 3   

   PDATA SIZE       =   ----    ----
   DATA SIZE        =   ----       1
   IDATA SIZE       =   ----    ----
   BIT SIZE         =   ----    ----
END OF MODULE INFORMATION.


C51 COMPILATION COMPLETE.  0 WARNING(S),  0 ERROR(S)
